<?xml version="1.0" encoding="UTF-8"?>
<testsuite xmlns:xsi="http://www.w3.org/2001/XMLSchema-instance" xsi:noNamespaceSchemaLocation="https://maven.apache.org/surefire/maven-surefire-plugin/xsd/surefire-test-report.xsd" name="TestSuite" time="0.692" tests="3" errors="0" skipped="2" failures="1">
  <properties>
[...]
</properties>
  <testcase name="initWebDriver" classname="firstTask.SampleTestNgTest" time="0.552">
    <failure message="java.lang.reflect.InvocationTargetException" type="ru.stqa.selenium.factory.DriverCreationError">ru.stqa.selenium.factory.DriverCreationError: java.lang.reflect.InvocationTargetException
Caused by: java.lang.reflect.InvocationTargetException
Caused by: java.lang.IllegalStateException: The path to the driver executable must be set by the webdriver.gecko.driver system property; for more information, see https://github.com/mozilla/geckodriver. The latest version can be downloaded from https://github.com/mozilla/geckodriver/releases
</failure>
    <system-out><![CDATA[...
... TestNG 7.0.1 by CÃ©dric Beust (cedric@beust.com)
...

]]></system-out>
  </testcase>
  <testcase name="initPageObjects" classname="firstTask.SampleTestNgTest" time="0">
    <skipped/>
  </testcase>
  <testcase name="testHomePageHasAHeader" classname="firstTask.SampleTestNgTest" time="0">
    <skipped message="java.lang.reflect.InvocationTargetException"/>
  </testcase>
</testsuite>