<?xml version="1.0" encoding="UTF-8"?>
<testng-results ignored="0" total="1" passed="1" failed="0" skipped="0">
  <reporter-output>
  </reporter-output>
  <suite started-at="2021-12-02T21:18:49 EET" name="Default suite" finished-at="2021-12-02T21:19:35 EET" duration-ms="46413">
    <groups>
    </groups>
    <test started-at="2021-12-02T21:18:49 EET" name="Default test" finished-at="2021-12-02T21:19:35 EET" duration-ms="46413">
      <class name="secondTask.Tests">
        <test-method is-config="true" signature="initTestSuite()[pri:0, instance:secondTask.Tests@3098cf3b]" started-at="2021-12-02T21:18:49 EET" name="initTestSuite" finished-at="2021-12-02T21:18:49 EET" duration-ms="31" status="PASS">
          <reporter-output>
          </reporter-output>
        </test-method> <!-- initTestSuite -->
        <test-method is-config="true" signature="initWebDriver()[pri:0, instance:secondTask.Tests@3098cf3b]" started-at="2021-12-02T21:18:49 EET" name="initWebDriver" finished-at="2021-12-02T21:18:51 EET" duration-ms="1871" status="PASS">
          <reporter-output>
          </reporter-output>
        </test-method> <!-- initWebDriver -->
        <test-method signature="listOfUsers()[pri:0, instance:secondTask.Tests@3098cf3b]" started-at="2021-12-02T21:18:51 EET" name="listOfUsers" finished-at="2021-12-02T21:19:35 EET" duration-ms="44503" status="PASS">
          <reporter-output>
          </reporter-output>
        </test-method> <!-- listOfUsers -->
        <test-method is-config="true" signature="tearDown()[pri:0, instance:secondTask.Tests@3098cf3b]" started-at="2021-12-02T21:19:36 EET" name="tearDown" finished-at="2021-12-02T21:19:36 EET" duration-ms="818" status="PASS">
          <reporter-output>
          </reporter-output>
        </test-method> <!-- tearDown -->
      </class> <!-- secondTask.Tests -->
    </test> <!-- Default test -->
  </suite> <!-- Default suite -->
</testng-results>
